This file contains any messages produced by compilers while
running configure, to aid debugging if configure makes a mistake.

It was created by rice configure 1.1, which was
generated by GNU Autoconf 2.61.  Invocation command line was

  $ configure --with-ruby=C:/Ruby192/bin/ruby --prefix=C:/Ruby192/lib/ruby/gems/1.9.1/gems/rice-1.4.3/ruby/lib CXX=g++ --no-create --no-recursion

## --------- ##
## Platform. ##
## --------- ##

hostname = Sebastian-PC
uname -m = i686
uname -r = 1.0.17(0.48/3/2)
uname -s = MINGW32_NT-6.1
uname -v = 2011-04-24 23:39

/usr/bin/uname -p = unknown
/bin/uname -X     = unknown

/bin/arch              = unknown
/usr/bin/arch -k       = unknown
/usr/convex/getsysinfo = unknown
/usr/bin/hostinfo      = unknown
/bin/machine           = unknown
/usr/bin/oslevel       = unknown
/bin/universe          = unknown

PATH: /usr/bin
PATH: /usr/mingw/bin
PATH: /c/Program Files (x86)/Microsoft DirectX 9.0 SDK (August 2005)/Utilities/Bin/x86
PATH: %CommonProgramFiles%/Microsoft Shared/Windows Live
PATH: /c/Program Files (x86)/NVIDIA Corporation/PhysX/Common
PATH: /c/Program Files (x86)/PC Connectivity Solution/
PATH: /c/Tcl/bin
PATH: /c/Python26/Scripts
PATH: /c/Python26/
PATH: /c/Perl64/site/bin
PATH: /c/Program Files (x86)/boost/boost_1_46_1/bin
PATH: /c/Perl64/bin
PATH: /c/Windows/system32
PATH: /c/Windows
PATH: /c/Windows/System32/Wbem
PATH: /c/Windows/System32/WindowsPowerShell/v1.0/
PATH: /c/Program Files (x86)/ATI Technologies/ATI.ACE/Core-Static
PATH: /c/Program Files (x86)/Microsoft SQL Server/100/Tools/Binn/
PATH: /c/Program Files (x86)/TortoiseSVN/bin
PATH: /c/Program Files/TortoiseSVN/bin
PATH: /c/Program Files/Microsoft SQL Server/100/Tools/Binn/
PATH: /c/Program Files/Microsoft SQL Server/100/DTS/Binn/
PATH: /c/Program Files (x86)/Universal Extractor
PATH: /c/Program Files (x86)/Universal Extractor/bin
PATH: /c/Program Files (x86)/CMake 2.8/bin
PATH: /c/Program Files (x86)/Git/cmd
PATH: /c/Program Files (x86)/Lua/5.1
PATH: /c/Program Files (x86)/Lua/5.1/clibs
PATH: /c/Program Files (x86)/Microsoft Visual Studio 10.0/VC
PATH: /c/Program Files (x86)/Visual Leak Detector/bin/Win32
PATH: /c/Program Files (x86)/Visual Leak Detector/bin/Win64
PATH: /c/Build/bin/Debug
PATH: /c/Program Files/TortoiseHg/
PATH: /c/Program Files (x86)/Microsoft Visual Studio 9.0/VC/bin
PATH: /c/Program Files (x86)/QuickTime/QTSystem/
PATH: /c/Program Files (x86)/010 Editor v3
PATH: /c/Program Files/TortoiseGit/bin
PATH: /c/MinGW/bin
PATH: /c/Ruby192/bin
PATH: /c/Program Files/Common Files/Microsoft Shared/Windows Live
PATH: /c/Program Files (x86)/boost/boost_1_46_1/bin
PATH: /c/Program Files (x86)/CodeBlocks/MinGW
PATH: /c/Build/bin/Debug
PATH: /c/Program Files (x86)/Microsoft Visual Studio 9.0/VC/bin
PATH: /c/MinGW/bin
PATH: /c/Ruby192/bin


## ----------- ##
## Core tests. ##
## ----------- ##

configure:1826: checking for a BSD-compatible install
configure:1882: result: /usr/bin/install -c
configure:1893: checking whether build environment is sane
configure:1936: result: yes
configure:1964: checking for a thread-safe mkdir -p
configure:2003: result: /usr/bin/mkdir -p
configure:2016: checking for gawk
configure:2032: found /usr/bin/gawk
configure:2043: result: gawk
configure:2054: checking whether make sets $(MAKE)
configure:2075: result: yes
configure:2389: checking for C++ compiler version
configure:2396: g++ --version >&5
g++.exe (tdm-1) 4.5.2
Copyright (C) 2010 Free Software Foundation, Inc.
This is free software; see the source for copying conditions.  There is NO
warranty; not even for MERCHANTABILITY or FITNESS FOR A PARTICULAR PURPOSE.

configure:2399: $? = 0
configure:2406: g++ -v >&5
Using built-in specs.
COLLECT_GCC=C:\Users\Sebastian\Downloads\DevKitRuby\mingw\bin\g++.exe
COLLECT_LTO_WRAPPER=c:/users/sebastian/downloads/devkitruby/mingw/bin/../libexec/gcc/mingw32/4.5.2/lto-wrapper.exe
Target: mingw32
Configured with: ../../src/gcc-4.5.2/configure --build=mingw32 --enable-languages=c,c++,ada,fortran,objc,obj-c++ --enable-threads=win32 --enable-libgomp --enable-lto --enable-fully-dynamic-string --enable-libstdcxx-debug --enable-version-specific-runtime-libs --with-gnu-ld --disable-nls --disable-win32-registry --disable-symvers --disable-werror --prefix=/mingw32tdm --with-local-prefix=/mingw32tdm --enable-cxx-flags='-fno-function-sections -fno-data-sections' --with-pkgversion=tdm-1 --enable-sjlj-exceptions --with-bugurl=http://tdm-gcc.tdragon.net/bugs
Thread model: win32
gcc version 4.5.2 (tdm-1) 
configure:2409: $? = 0
configure:2416: g++ -V >&5
g++.exe: '-V' option must have argument
configure:2419: $? = 1
configure:2442: checking for C++ compiler default output file name
configure:2469: g++    conftest.cpp  >&5
configure:2472: $? = 0
configure:2510: result: a.exe
configure:2527: checking whether the C++ compiler works
configure:2537: ./a.exe
configure:2540: $? = 0
configure:2557: result: yes
configure:2564: checking whether we are cross compiling
configure:2566: result: no
configure:2569: checking for suffix of executables
configure:2576: g++ -o conftest.exe    conftest.cpp  >&5
configure:2579: $? = 0
configure:2603: result: .exe
configure:2609: checking for suffix of object files
configure:2635: g++ -c   conftest.cpp >&5
configure:2638: $? = 0
configure:2661: result: o
configure:2665: checking whether we are using the GNU C++ compiler
configure:2694: g++ -c   conftest.cpp >&5
configure:2700: $? = 0
configure:2717: result: yes
configure:2722: checking whether g++ accepts -g
configure:2752: g++ -c -g  conftest.cpp >&5
configure:2758: $? = 0
configure:2857: result: yes
configure:2891: checking for style of include used by make
configure:2919: result: GNU
configure:2944: checking dependency style of g++
configure:3035: result: gcc3
configure:3093: checking for ranlib
configure:3109: found /usr/mingw/bin/ranlib
configure:3120: result: ranlib
configure:3159: checking build system type
configure:3177: result: i686-pc-mingw32
configure:3199: checking host system type
configure:3214: result: i686-pc-mingw32
configure:3358: checking for ruby.h
configure:3379: g++ -c  -Ic:/Ruby192/include/ruby-1.9.1 -Ic:/Ruby192/include/ruby-1.9.1/i386-mingw32  -Ic:/Ruby192/include/ruby-1.9.1 -Ic:/Ruby192/include/ruby-1.9.1/i386-mingw32 conftest.cpp >&5
configure:3385: $? = 0
configure:3401: result: yes
configure:3420: checking for node.h
configure:3443: g++ -c  -Ic:/Ruby192/include/ruby-1.9.1 -Ic:/Ruby192/include/ruby-1.9.1/i386-mingw32  -Ic:/Ruby192/include/ruby-1.9.1 -Ic:/Ruby192/include/ruby-1.9.1/i386-mingw32 conftest.cpp >&5
conftest.cpp:15:18: fatal error: node.h: No such file or directory
compilation terminated.
configure:3449: $? = 1
configure: failed program was:
| /* confdefs.h.  */
| #define PACKAGE_NAME "rice"
| #define PACKAGE_TARNAME "rice"
| #define PACKAGE_VERSION "1.1"
| #define PACKAGE_STRING "rice 1.1"
| #define PACKAGE_BUGREPORT ""
| #define PACKAGE "rice"
| #define VERSION "1.1"
| #define HAVE_RUBY_H 1
| /* end confdefs.h.  */
| 
| #include <ruby.h>
| 
| 
| #include <node.h>
configure:3465: result: no
configure:3480: checking for ruby/node.h
configure:3503: g++ -c  -Ic:/Ruby192/include/ruby-1.9.1 -Ic:/Ruby192/include/ruby-1.9.1/i386-mingw32  -Ic:/Ruby192/include/ruby-1.9.1 -Ic:/Ruby192/include/ruby-1.9.1/i386-mingw32 conftest.cpp >&5
conftest.cpp:15:23: fatal error: ruby/node.h: No such file or directory
compilation terminated.
configure:3509: $? = 1
configure: failed program was:
| /* confdefs.h.  */
| #define PACKAGE_NAME "rice"
| #define PACKAGE_TARNAME "rice"
| #define PACKAGE_VERSION "1.1"
| #define PACKAGE_STRING "rice 1.1"
| #define PACKAGE_BUGREPORT ""
| #define PACKAGE "rice"
| #define VERSION "1.1"
| #define HAVE_RUBY_H 1
| /* end confdefs.h.  */
| 
| #include <ruby.h>
| 
| 
| #include <ruby/node.h>
configure:3525: result: no
configure:3544: checking for version.h
configure:3567: g++ -c  -Ic:/Ruby192/include/ruby-1.9.1 -Ic:/Ruby192/include/ruby-1.9.1/i386-mingw32  -Ic:/Ruby192/include/ruby-1.9.1 -Ic:/Ruby192/include/ruby-1.9.1/i386-mingw32 conftest.cpp >&5
conftest.cpp:15:21: fatal error: version.h: No such file or directory
compilation terminated.
configure:3573: $? = 1
configure: failed program was:
| /* confdefs.h.  */
| #define PACKAGE_NAME "rice"
| #define PACKAGE_TARNAME "rice"
| #define PACKAGE_VERSION "1.1"
| #define PACKAGE_STRING "rice 1.1"
| #define PACKAGE_BUGREPORT ""
| #define PACKAGE "rice"
| #define VERSION "1.1"
| #define HAVE_RUBY_H 1
| /* end confdefs.h.  */
| 
| #include <ruby.h>
| 
| 
| #include <version.h>
configure:3589: result: no
configure:3604: checking for env.h
configure:3627: g++ -c  -Ic:/Ruby192/include/ruby-1.9.1 -Ic:/Ruby192/include/ruby-1.9.1/i386-mingw32  -Ic:/Ruby192/include/ruby-1.9.1 -Ic:/Ruby192/include/ruby-1.9.1/i386-mingw32 conftest.cpp >&5
conftest.cpp:15:17: fatal error: env.h: No such file or directory
compilation terminated.
configure:3633: $? = 1
configure: failed program was:
| /* confdefs.h.  */
| #define PACKAGE_NAME "rice"
| #define PACKAGE_TARNAME "rice"
| #define PACKAGE_VERSION "1.1"
| #define PACKAGE_STRING "rice 1.1"
| #define PACKAGE_BUGREPORT ""
| #define PACKAGE "rice"
| #define VERSION "1.1"
| #define HAVE_RUBY_H 1
| /* end confdefs.h.  */
| 
| #include <ruby.h>
| 
| 
| #include <env.h>
configure:3649: result: no
configure:3663: checking host system type
configure:3678: result: i686-pc-mingw32
configure:3957: checking for doxygen
configure:3990: result: no
configure:4014: WARNING: doxygen not found - will not generate any doxygen documentation
configure:4067: checking for perl
configure:4085: found /usr/bin/perl
configure:4097: result: /usr/bin/perl
configure:6136: creating ./config.status

## ---------------- ##
## Cache variables. ##
## ---------------- ##

ac_cv_build=i686-pc-mingw32
ac_cv_cxx_compiler_gnu=yes
ac_cv_env_CCC_set=
ac_cv_env_CCC_value=
ac_cv_env_CPPFLAGS_set=
ac_cv_env_CPPFLAGS_value=
ac_cv_env_CXXFLAGS_set=
ac_cv_env_CXXFLAGS_value=
ac_cv_env_CXX_set=set
ac_cv_env_CXX_value=g++
ac_cv_env_DOXYGEN_PAPER_SIZE_set=
ac_cv_env_DOXYGEN_PAPER_SIZE_value=
ac_cv_env_LDFLAGS_set=
ac_cv_env_LDFLAGS_value=
ac_cv_env_LIBS_set=
ac_cv_env_LIBS_value=
ac_cv_env_build_alias_set=
ac_cv_env_build_alias_value=
ac_cv_env_host_alias_set=
ac_cv_env_host_alias_value=
ac_cv_env_target_alias_set=
ac_cv_env_target_alias_value=
ac_cv_exeext=.exe
ac_cv_header_env_h=no
ac_cv_header_node_h=no
ac_cv_header_ruby_h=yes
ac_cv_header_ruby_node_h=no
ac_cv_header_version_h=no
ac_cv_host=i686-pc-mingw32
ac_cv_objext=o
ac_cv_path_ac_pt_DX_PERL=/usr/bin/perl
ac_cv_path_install='/usr/bin/install -c'
ac_cv_path_mkdir=/usr/bin/mkdir
ac_cv_prog_AWK=gawk
ac_cv_prog_ac_ct_RANLIB=ranlib
ac_cv_prog_cxx_g=yes
ac_cv_prog_make_make_set=yes
am_cv_CXX_dependencies_compiler_type=gcc3

## ----------------- ##
## Output variables. ##
## ----------------- ##

ACLOCAL='${SHELL} "/c/Ruby192/lib/ruby/gems/1.9.1/gems/rice-1.4.3"/missing --run aclocal-1.10'
AMDEPBACKSLASH='\'
AMDEP_FALSE='#'
AMDEP_TRUE=''
AMTAR='${SHELL} "/c/Ruby192/lib/ruby/gems/1.9.1/gems/rice-1.4.3"/missing --run tar'
AUTOCONF='${SHELL} "/c/Ruby192/lib/ruby/gems/1.9.1/gems/rice-1.4.3"/missing --run autoconf'
AUTOHEADER='${SHELL} "/c/Ruby192/lib/ruby/gems/1.9.1/gems/rice-1.4.3"/missing --run autoheader'
AUTOMAKE='${SHELL} "/c/Ruby192/lib/ruby/gems/1.9.1/gems/rice-1.4.3"/missing --run automake-1.10'
AWK='gawk'
CPPFLAGS=''
CXX='g++'
CXXDEPMODE='depmode=gcc3'
CXXFLAGS=' -Ic:/Ruby192/include/ruby-1.9.1 -Ic:/Ruby192/include/ruby-1.9.1/i386-mingw32'
CYGPATH_W='echo'
DEFS='-DHAVE_CONFIG_H'
DEPDIR='.deps'
DOXYGEN_PAPER_SIZE=''
DX_COND_chi_FALSE=''
DX_COND_chi_TRUE='#'
DX_COND_chm_FALSE=''
DX_COND_chm_TRUE='#'
DX_COND_doc_FALSE=''
DX_COND_doc_TRUE='#'
DX_COND_dot_FALSE=''
DX_COND_dot_TRUE='#'
DX_COND_html_FALSE=''
DX_COND_html_TRUE='#'
DX_COND_latex_FALSE=''
DX_COND_latex_TRUE='#'
DX_COND_man_FALSE=''
DX_COND_man_TRUE='#'
DX_COND_pdf_FALSE=''
DX_COND_pdf_TRUE='#'
DX_COND_ps_FALSE=''
DX_COND_ps_TRUE='#'
DX_COND_rtf_FALSE=''
DX_COND_rtf_TRUE='#'
DX_COND_xml_FALSE=''
DX_COND_xml_TRUE='#'
DX_CONFIG='Doxyfile'
DX_DOCDIR='doc'
DX_DOT=''
DX_DOXYGEN=''
DX_DVIPS=''
DX_EGREP=''
DX_ENV=' SRCDIR='\''.'\'' PROJECT='\''rice'\'' DOCDIR='\''doc'\'' VERSION='\''1.1'\'' HAVE_DOT='\''NO'\'' GENERATE_MAN='\''NO'\'' GENERATE_RTF='\''NO'\'' GENERATE_XML='\''NO'\'' GENERATE_HTMLHELP='\''NO'\'' GENERATE_CHI='\''NO'\'' GENERATE_HTML='\''NO'\'' GENERATE_LATEX='\''NO'\'''
DX_FLAG_chi='0'
DX_FLAG_chm='0'
DX_FLAG_doc='0'
DX_FLAG_dot='0'
DX_FLAG_html='0'
DX_FLAG_man='0'
DX_FLAG_pdf='0'
DX_FLAG_ps='0'
DX_FLAG_rtf='0'
DX_FLAG_xml='0'
DX_HHC=''
DX_LATEX=''
DX_MAKEINDEX=''
DX_PDFLATEX=''
DX_PERL='/usr/bin/perl'
DX_PROJECT='rice'
ECHO_C=''
ECHO_N='-n'
ECHO_T=''
EXEEXT='.exe'
INSTALL_DATA='${INSTALL} -m 644'
INSTALL_PROGRAM='${INSTALL}'
INSTALL_SCRIPT='${INSTALL}'
INSTALL_STRIP_PROGRAM='$(install_sh) -c -s'
LDFLAGS=''
LIBOBJS=''
LIBS=''
LTLIBOBJS=''
MAKEINFO='${SHELL} "/c/Ruby192/lib/ruby/gems/1.9.1/gems/rice-1.4.3"/missing --run makeinfo'
OBJEXT='o'
PACKAGE='rice'
PACKAGE_BUGREPORT=''
PACKAGE_NAME='rice'
PACKAGE_STRING='rice 1.1'
PACKAGE_TARNAME='rice'
PACKAGE_VERSION='1.1'
PATH_SEPARATOR=':'
RANLIB='ranlib'
RICE_CPPFLAGS=''
RICE_LDFLAGS=''
RICE_ROOT='/c/Ruby192/lib/ruby/gems/1.9.1/gems/rice-1.4.3'
RICE_SAMPLES='enum map inheritance'
RICE_USING_MINGW32='true'
RUBY='C:/Ruby192/bin/ruby'
RUBY_CFLAGS=' -O3 -g -Wextra -Wno-unused-parameter -Wno-parentheses -Wpointer-arith -Wwrite-strings -Wno-missing-field-initializers -Wno-long-long '
RUBY_CPPFLAGS='-Ic:/Ruby192/include/ruby-1.9.1 -Ic:/Ruby192/include/ruby-1.9.1/i386-mingw32'
RUBY_CXXFLAGS=' -O3 -g -Wextra -Wno-unused-parameter -Wno-parentheses -Wpointer-arith -Wwrite-strings -Wno-missing-field-initializers -Wno-long-long '
RUBY_LDFLAGS='-Lc:/Ruby192/lib/ruby/1.9.1/i386-mingw32 -Lc:/Ruby192/lib -L. -LC:\\Users\\Luis\\Projects\\oss\\oneclick\\rubyinstaller\\sandbox\\tk\\lib -LC:\\Users\\Luis\\Projects\\oss\\oneclick\\rubyinstaller\\sandbox\\tcl\\lib -LC:\\Users\\Luis\\Projects\\oss\\oneclick\\rubyinstaller\\sandbox\\libyaml\\lib -LC:\\Users\\Luis\\Projects\\oss\\oneclick\\rubyinstaller\\sandbox\\pdcurses\\lib -LC:\\Users\\Luis\\Projects\\oss\\oneclick\\rubyinstaller\\sandbox\\openssl\\lib -LC:\\Users\\Luis\\Projects\\oss\\oneclick\\rubyinstaller\\sandbox\\zlib\\lib -LC:\\Users\\Luis\\Projects\\oss\\oneclick\\rubyinstaller\\sandbox\\iconv\\lib -LC:\\Users\\Luis\\Projects\\oss\\oneclick\\rubyinstaller\\sandbox\\gdbm\\lib -LC:\\Users\\Luis\\Projects\\oss\\oneclick\\rubyinstaller\\sandbox\\libffi\\lib '
RUBY_LIBRUBYARG='-lmsvcrt-ruby191'
RUBY_LIBRUBYARG_STATIC='-lmsvcrt-ruby191-static'
RUBY_LIBS='-lshell32 -lws2_32'
RUBY_SITELIBDIR='C:/Ruby192/lib/ruby/gems/1.9.1/gems/rice-1.4.3/ruby/lib//lib/ruby/site_ruby/1.9.1'
RUBY_VERSION_CODE='192'
SET_MAKE=''
SHELL='/bin/sh'
STRIP=''
VERSION='1.1'
ac_ct_CXX=''
am__fastdepCXX_FALSE='#'
am__fastdepCXX_TRUE=''
am__include='include'
am__isrc=''
am__leading_dot='.'
am__quote=''
am__tar='${AMTAR} chof - "$$tardir"'
am__untar='${AMTAR} xf -'
bindir='${exec_prefix}/bin'
build='i686-pc-mingw32'
build_alias=''
build_cpu='i686'
build_os='mingw32'
build_vendor='pc'
datadir='${datarootdir}'
datarootdir='${prefix}/share'
docdir='${datarootdir}/doc/${PACKAGE_TARNAME}'
dvidir='${docdir}'
exec_prefix='${prefix}'
host='i686-pc-mingw32'
host_alias=''
host_cpu='i686'
host_os='mingw32'
host_vendor='pc'
htmldir='${docdir}'
includedir='${prefix}/include'
infodir='${datarootdir}/info'
install_sh='$(SHELL) "/c/Ruby192/lib/ruby/gems/1.9.1/gems/rice-1.4.3"/install-sh'
libdir='${exec_prefix}/lib'
libexecdir='${exec_prefix}/libexec'
localedir='${datarootdir}/locale'
localstatedir='${prefix}/var'
mandir='${datarootdir}/man'
mkdir_p='/usr/bin/mkdir -p'
oldincludedir='/usr/include'
pdfdir='${docdir}'
prefix='C:/Ruby192/lib/ruby/gems/1.9.1/gems/rice-1.4.3/ruby/lib'
program_transform_name='s,x,x,'
psdir='${docdir}'
sbindir='${exec_prefix}/sbin'
sharedstatedir='${prefix}/com'
sysconfdir='${prefix}/etc'
target_alias=''

## ----------- ##
## confdefs.h. ##
## ----------- ##

#define PACKAGE_NAME "rice"
#define PACKAGE_TARNAME "rice"
#define PACKAGE_VERSION "1.1"
#define PACKAGE_STRING "rice 1.1"
#define PACKAGE_BUGREPORT ""
#define PACKAGE "rice"
#define VERSION "1.1"
#define HAVE_RUBY_H 1

configure: exit 0

## ---------------------- ##
## Running config.status. ##
## ---------------------- ##

This file was extended by rice config.status 1.1, which was
generated by GNU Autoconf 2.61.  Invocation command line was

  CONFIG_FILES    = 
  CONFIG_HEADERS  = 
  CONFIG_LINKS    = 
  CONFIG_COMMANDS = 
  $ ./config.status 

on Sebastian-PC

config.status:713: creating Makefile
config.status:713: creating rice/Makefile
config.status:713: creating test/Makefile
config.status:713: creating sample/Makefile
config.status:713: creating ruby/Makefile
config.status:713: creating ruby/lib/Makefile
config.status:713: creating test/ext/Makefile
config.status:713: creating ruby/lib/mkmf-rice.rb
config.status:713: creating rice/detail/ruby_version_code.hpp
config.status:713: creating rice/config.hpp
config.status:930: rice/config.hpp is unchanged
config.status:976: executing depfiles commands
